\BOOKMARK [1][-]{section.1}{Introduction}{}% 1
\BOOKMARK [1][-]{section.2}{Weekly Summary of Winter Term}{}% 2
\BOOKMARK [2][-]{section*.2}{Week 1}{section.2}% 3
\BOOKMARK [2][-]{section*.3}{Week 2}{section.2}% 4
\BOOKMARK [2][-]{section*.4}{Week 3}{section.2}% 5
\BOOKMARK [2][-]{section*.5}{Week 4}{section.2}% 6
\BOOKMARK [2][-]{section*.6}{Week 5}{section.2}% 7
\BOOKMARK [2][-]{section*.7}{Week 6}{section.2}% 8
\BOOKMARK [2][-]{section*.8}{Week 7}{section.2}% 9
\BOOKMARK [2][-]{section*.9}{Week 8}{section.2}% 10
\BOOKMARK [2][-]{section*.10}{Week 9}{section.2}% 11
\BOOKMARK [2][-]{section*.11}{Week 10}{section.2}% 12
\BOOKMARK [1][-]{section.3}{Modules I Am Responsible For}{}% 13
\BOOKMARK [2][-]{section*.12}{Control Board}{section.3}% 14
\BOOKMARK [2][-]{section*.14}{Wheel System}{section.3}% 15
\BOOKMARK [2][-]{section*.16}{Obstacle Avoidance}{section.3}% 16
\BOOKMARK [1][-]{section.4}{A Reflection of Development Period}{}% 17
\BOOKMARK [1][-]{section.5}{Team Review}{}% 18
\BOOKMARK [2][-]{section*.19}{Paul Minner}{section.5}% 19
\BOOKMARK [2][-]{section*.20}{Zhaolong Wu}{section.5}% 20
\BOOKMARK [2][-]{section*.21}{Zachary DeVita}{section.5}% 21
\BOOKMARK [2][-]{section*.22}{Steven Silvers}{section.5}% 22
\BOOKMARK [2][-]{section*.23}{Team as a Whole}{section.5}% 23
\BOOKMARK [1][-]{section.6}{Conclusion}{}% 24
